<?xml version="1.0" encoding="UTF-8"?>
<!-- Generated by org.testng.reporters.JUnitReportReporter -->
<testsuite skipped="1" hostname="Destiny-PC" name="TAB_Automation.TAB_Testing.UsageDashboardPage" tests="1" failures="0" timestamp="13 Jul 2020 10:00:29 GMT" time="0.000" errors="0">
  <testcase name="homePageNavigation" time="0.000" classname="TAB_Automation.TAB_Testing.UsageDashboardPage">
    <skipped/>
  </testcase> <!-- homePageNavigation -->
</testsuite> <!-- TAB_Automation.TAB_Testing.UsageDashboardPage -->
