<?xml version="1.0" encoding="UTF-8"?>
<!-- Generated by org.testng.reporters.JUnitReportReporter -->
<testsuite skipped="0" hostname="Destiny-PC" name="TAB_Automation.TAB_Testing.TABLoginPage" tests="3" failures="0" timestamp="23 Jul 2020 19:18:14 GMT" time="53.500" errors="0">
  <testcase name="LKPSearchNavigation" time="23.461" classname="TAB_Automation.TAB_Testing.TABLoginPage"/>
  <testcase name="loginPageNaviagation" time="0.504" classname="TAB_Automation.TAB_Testing.TABLoginPage"/>
  <testcase name="FAQNavigation" time="29.535" classname="TAB_Automation.TAB_Testing.TABLoginPage"/>
</testsuite> <!-- TAB_Automation.TAB_Testing.TABLoginPage -->
